2024-04-25 13:01:43,902 - INFO - Game started.
2024-04-25 13:01:46,415 - INFO - Board initialized with 10 rows and 10 columns.
2024-04-25 13:01:46,415 - INFO - Ships initialized.
2024-04-25 13:01:46,431 - INFO - Printing game board.
2024-04-25 13:01:46,432 - INFO - Printing row 1.
2024-04-25 13:01:46,432 - INFO - Printing row 2.
2024-04-25 13:01:46,432 - INFO - Printing row 3.
2024-04-25 13:01:46,432 - INFO - Printing row 4.
2024-04-25 13:01:46,432 - INFO - Printing row 5.
2024-04-25 13:01:46,432 - INFO - Printing row 6.
2024-04-25 13:01:46,432 - INFO - Printing row 7.
2024-04-25 13:01:46,432 - INFO - Printing row 8.
2024-04-25 13:01:46,433 - INFO - Printing row 9.
2024-04-25 13:01:46,433 - INFO - Printing row 10.
2024-04-25 13:01:46,433 - INFO - Board printed.
2024-04-25 13:01:47,820 - INFO - Player chose coordinate a1.
2024-04-25 13:01:47,820 - INFO - Player missed.
2024-04-25 13:01:47,829 - INFO - Printing game board.
2024-04-25 13:01:47,830 - INFO - Printing row 1.
2024-04-25 13:01:47,830 - INFO - Printing row 2.
2024-04-25 13:01:47,830 - INFO - Printing row 3.
2024-04-25 13:01:47,830 - INFO - Printing row 4.
2024-04-25 13:01:47,830 - INFO - Printing row 5.
2024-04-25 13:01:47,830 - INFO - Printing row 6.
2024-04-25 13:01:47,830 - INFO - Printing row 7.
2024-04-25 13:01:47,830 - INFO - Printing row 8.
2024-04-25 13:01:47,830 - INFO - Printing row 9.
2024-04-25 13:01:47,831 - INFO - Printing row 10.
2024-04-25 13:01:47,831 - INFO - Player missed.
2024-04-25 13:01:48,903 - INFO - Player chose coordinate a2.
2024-04-25 13:01:48,904 - INFO - Player missed.
2024-04-25 13:01:48,913 - INFO - Printing game board.
2024-04-25 13:01:48,914 - INFO - Printing row 1.
2024-04-25 13:01:48,914 - INFO - Printing row 2.
2024-04-25 13:01:48,914 - INFO - Printing row 3.
2024-04-25 13:01:48,914 - INFO - Printing row 4.
2024-04-25 13:01:48,914 - INFO - Printing row 5.
2024-04-25 13:01:48,914 - INFO - Printing row 6.
2024-04-25 13:01:48,914 - INFO - Printing row 7.
2024-04-25 13:01:48,914 - INFO - Printing row 8.
2024-04-25 13:01:48,915 - INFO - Printing row 9.
2024-04-25 13:01:48,915 - INFO - Printing row 10.
2024-04-25 13:01:48,915 - INFO - Player missed.
2024-04-25 13:01:49,713 - INFO - Player chose coordinate a3.
2024-04-25 13:01:49,714 - INFO - Player missed.
2024-04-25 13:01:49,723 - INFO - Printing game board.
2024-04-25 13:01:49,723 - INFO - Printing row 1.
2024-04-25 13:01:49,723 - INFO - Printing row 2.
2024-04-25 13:01:49,723 - INFO - Printing row 3.
2024-04-25 13:01:49,723 - INFO - Printing row 4.
2024-04-25 13:01:49,723 - INFO - Printing row 5.
2024-04-25 13:01:49,723 - INFO - Printing row 6.
2024-04-25 13:01:49,723 - INFO - Printing row 7.
2024-04-25 13:01:49,724 - INFO - Printing row 8.
2024-04-25 13:01:49,724 - INFO - Printing row 9.
2024-04-25 13:01:49,724 - INFO - Printing row 10.
2024-04-25 13:01:49,724 - INFO - Player missed.
2024-04-25 13:01:50,729 - INFO - Player chose coordinate b3.
2024-04-25 13:01:50,729 - INFO - Player missed.
2024-04-25 13:01:50,739 - INFO - Printing game board.
2024-04-25 13:01:50,739 - INFO - Printing row 1.
2024-04-25 13:01:50,740 - INFO - Printing row 2.
2024-04-25 13:01:50,740 - INFO - Printing row 3.
2024-04-25 13:01:50,740 - INFO - Printing row 4.
2024-04-25 13:01:50,740 - INFO - Printing row 5.
2024-04-25 13:01:50,740 - INFO - Printing row 6.
2024-04-25 13:01:50,740 - INFO - Printing row 7.
2024-04-25 13:01:50,740 - INFO - Printing row 8.
2024-04-25 13:01:50,740 - INFO - Printing row 9.
2024-04-25 13:01:50,740 - INFO - Printing row 10.
2024-04-25 13:01:50,741 - INFO - Player missed.
2024-04-25 13:01:54,789 - INFO - Player chose coordinate c5.
2024-04-25 13:01:54,789 - INFO - Player missed.
2024-04-25 13:01:54,800 - INFO - Printing game board.
2024-04-25 13:01:54,800 - INFO - Printing row 1.
2024-04-25 13:01:54,800 - INFO - Printing row 2.
2024-04-25 13:01:54,800 - INFO - Printing row 3.
2024-04-25 13:01:54,801 - INFO - Printing row 4.
2024-04-25 13:01:54,801 - INFO - Printing row 5.
2024-04-25 13:01:54,801 - INFO - Printing row 6.
2024-04-25 13:01:54,801 - INFO - Printing row 7.
2024-04-25 13:01:54,801 - INFO - Printing row 8.
2024-04-25 13:01:54,801 - INFO - Printing row 9.
2024-04-25 13:01:54,801 - INFO - Printing row 10.
2024-04-25 13:01:54,802 - INFO - Player missed.
2024-04-25 13:01:58,628 - INFO - Player chose coordinate .
2024-04-25 13:01:58,628 - INFO - Player quit the game.
2024-04-25 13:04:42,802 - INFO - Game started.
2024-04-25 13:04:45,357 - INFO - Board initialized with 10 rows and 10 columns.
2024-04-25 13:04:45,357 - INFO - Ships initialized.
2024-04-25 13:04:45,377 - INFO - Printing game board.
2024-04-25 13:04:45,377 - INFO - Printing row 1.
2024-04-25 13:04:45,377 - INFO - Printing row 2.
2024-04-25 13:04:45,377 - INFO - Printing row 3.
2024-04-25 13:04:45,377 - INFO - Printing row 4.
2024-04-25 13:04:45,377 - INFO - Printing row 5.
2024-04-25 13:04:45,377 - INFO - Printing row 6.
2024-04-25 13:04:45,377 - INFO - Printing row 7.
2024-04-25 13:04:45,377 - INFO - Printing row 8.
2024-04-25 13:04:45,377 - INFO - Printing row 9.
2024-04-25 13:04:45,378 - INFO - Printing row 10.
2024-04-25 13:04:45,378 - INFO - Board printed.
2024-04-25 13:04:47,239 - INFO - Player quit the game.
2024-04-25 13:41:36,402 - INFO - Game started.
2024-04-25 13:41:39,076 - INFO - Board initialized with 10 rows and 10 columns.
2024-04-25 13:43:16,571 - INFO - Game started.
2024-04-25 13:43:16,824 - ERROR - Invalid input format.
2024-04-25 13:55:56,577 - ERROR - Invalid input format.
2024-04-25 13:56:01,861 - INFO - Game started.
2024-04-25 13:56:04,266 - INFO - Board initialized with 10 rows and 10 columns.
2024-04-25 13:56:04,266 - INFO - Board initialized with 10 rows and 10 columns.
2024-04-25 13:56:04,266 - INFO - Ships initialized.
2024-04-25 13:56:14,205 - INFO - Game started.
2024-04-25 13:56:16,153 - INFO - Board initialized with 10 rows and 10 columns.
2024-04-25 13:56:16,153 - INFO - Board initialized with 10 rows and 10 columns.
2024-04-25 13:56:16,153 - INFO - Ships initialized.
2024-04-25 13:56:16,168 - INFO - Printing game board.
2024-04-25 13:56:16,168 - INFO - Printing row 1.
2024-04-25 13:56:16,168 - INFO - Printing row 2.
2024-04-25 13:56:16,168 - INFO - Printing row 3.
2024-04-25 13:56:16,169 - INFO - Printing row 4.
2024-04-25 13:56:16,169 - INFO - Printing row 5.
2024-04-25 13:56:16,169 - INFO - Printing row 6.
2024-04-25 13:56:16,169 - INFO - Printing row 7.
2024-04-25 13:56:16,169 - INFO - Printing row 8.
2024-04-25 13:56:16,169 - INFO - Printing row 9.
2024-04-25 13:56:16,169 - INFO - Printing row 10.
2024-04-25 13:56:16,169 - INFO - Board printed.
2024-04-25 13:56:20,312 - INFO - Player chose coordinate a1.
2024-04-25 13:56:20,312 - INFO - Player missed.
2024-04-25 13:56:20,321 - INFO - Printing game board.
2024-04-25 13:56:20,321 - INFO - Printing row 1.
2024-04-25 13:56:20,321 - INFO - Printing row 2.
2024-04-25 13:56:20,321 - INFO - Printing row 3.
2024-04-25 13:56:20,321 - INFO - Printing row 4.
2024-04-25 13:56:20,321 - INFO - Printing row 5.
2024-04-25 13:56:20,321 - INFO - Printing row 6.
2024-04-25 13:56:20,321 - INFO - Printing row 7.
2024-04-25 13:56:20,321 - INFO - Printing row 8.
2024-04-25 13:56:20,321 - INFO - Printing row 9.
2024-04-25 13:56:20,321 - INFO - Printing row 10.
2024-04-25 13:56:20,323 - INFO - Player missed.
2024-04-25 13:56:21,381 - INFO - Player chose coordinate a2.
2024-04-25 13:56:21,381 - INFO - Player missed.
2024-04-25 13:56:21,391 - INFO - Printing game board.
2024-04-25 13:56:21,391 - INFO - Printing row 1.
2024-04-25 13:56:21,392 - INFO - Printing row 2.
2024-04-25 13:56:21,392 - INFO - Printing row 3.
2024-04-25 13:56:21,392 - INFO - Printing row 4.
2024-04-25 13:56:21,392 - INFO - Printing row 5.
2024-04-25 13:56:21,392 - INFO - Printing row 6.
2024-04-25 13:56:21,392 - INFO - Printing row 7.
2024-04-25 13:56:21,392 - INFO - Printing row 8.
2024-04-25 13:56:21,392 - INFO - Printing row 9.
2024-04-25 13:56:21,392 - INFO - Printing row 10.
2024-04-25 13:56:21,393 - INFO - Player missed.
2024-04-25 13:56:22,428 - INFO - Player chose coordinate a3.
2024-04-25 13:56:22,428 - INFO - Player missed.
2024-04-25 13:56:22,437 - INFO - Printing game board.
2024-04-25 13:56:22,438 - INFO - Printing row 1.
2024-04-25 13:56:22,438 - INFO - Printing row 2.
2024-04-25 13:56:22,438 - INFO - Printing row 3.
2024-04-25 13:56:22,438 - INFO - Printing row 4.
2024-04-25 13:56:22,438 - INFO - Printing row 5.
2024-04-25 13:56:22,438 - INFO - Printing row 6.
2024-04-25 13:56:22,438 - INFO - Printing row 7.
2024-04-25 13:56:22,438 - INFO - Printing row 8.
2024-04-25 13:56:22,438 - INFO - Printing row 9.
2024-04-25 13:56:22,438 - INFO - Printing row 10.
2024-04-25 13:56:22,439 - INFO - Player missed.
2024-04-25 13:56:23,561 - INFO - Player chose coordinate a4.
2024-04-25 13:56:23,561 - INFO - Player missed.
2024-04-25 13:56:23,571 - INFO - Printing game board.
2024-04-25 13:56:23,572 - INFO - Printing row 1.
2024-04-25 13:56:23,572 - INFO - Printing row 2.
2024-04-25 13:56:23,572 - INFO - Printing row 3.
2024-04-25 13:56:23,572 - INFO - Printing row 4.
2024-04-25 13:56:23,572 - INFO - Printing row 5.
2024-04-25 13:56:23,572 - INFO - Printing row 6.
2024-04-25 13:56:23,572 - INFO - Printing row 7.
2024-04-25 13:56:23,572 - INFO - Printing row 8.
2024-04-25 13:56:23,573 - INFO - Printing row 9.
2024-04-25 13:56:23,573 - INFO - Printing row 10.
2024-04-25 13:56:23,573 - INFO - Player missed.
2024-04-25 13:56:24,436 - INFO - Player chose coordinate a4.
2024-04-25 13:56:24,436 - INFO - Player missed.
2024-04-25 13:56:24,446 - INFO - Printing game board.
2024-04-25 13:56:24,446 - INFO - Printing row 1.
2024-04-25 13:56:24,446 - INFO - Printing row 2.
2024-04-25 13:56:24,448 - INFO - Printing row 3.
2024-04-25 13:56:24,448 - INFO - Printing row 4.
2024-04-25 13:56:24,448 - INFO - Printing row 5.
2024-04-25 13:56:24,448 - INFO - Printing row 6.
2024-04-25 13:56:24,448 - INFO - Printing row 7.
2024-04-25 13:56:24,448 - INFO - Printing row 8.
2024-04-25 13:56:24,448 - INFO - Printing row 9.
2024-04-25 13:56:24,448 - INFO - Printing row 10.
2024-04-25 13:56:24,449 - INFO - Player missed.
2024-04-25 13:56:25,146 - INFO - Player chose coordinate a5.
2024-04-25 13:56:25,146 - INFO - Player hit a ship.
2024-04-25 13:56:25,157 - INFO - Printing game board.
2024-04-25 13:56:25,157 - INFO - Printing row 1.
2024-04-25 13:56:25,157 - INFO - Printing row 2.
2024-04-25 13:56:25,157 - INFO - Printing row 3.
2024-04-25 13:56:25,157 - INFO - Printing row 4.
2024-04-25 13:56:25,157 - INFO - Printing row 5.
2024-04-25 13:56:25,157 - INFO - Printing row 6.
2024-04-25 13:56:25,158 - INFO - Printing row 7.
2024-04-25 13:56:25,158 - INFO - Printing row 8.
2024-04-25 13:56:25,158 - INFO - Printing row 9.
2024-04-25 13:56:25,158 - INFO - Printing row 10.
2024-04-25 13:56:25,158 - INFO - Player hit a ship.
2024-04-25 13:56:26,102 - INFO - Player chose coordinate a6.
2024-04-25 13:56:26,102 - INFO - Player hit a ship.
2024-04-25 13:56:26,110 - INFO - Printing game board.
2024-04-25 13:56:26,110 - INFO - Printing row 1.
2024-04-25 13:56:26,111 - INFO - Printing row 2.
2024-04-25 13:56:26,111 - INFO - Printing row 3.
2024-04-25 13:56:26,111 - INFO - Printing row 4.
2024-04-25 13:56:26,111 - INFO - Printing row 5.
2024-04-25 13:56:26,111 - INFO - Printing row 6.
2024-04-25 13:56:26,111 - INFO - Printing row 7.
2024-04-25 13:56:26,111 - INFO - Printing row 8.
2024-04-25 13:56:26,111 - INFO - Printing row 9.
2024-04-25 13:56:26,111 - INFO - Printing row 10.
2024-04-25 13:56:26,111 - INFO - Player hit a ship.
2024-04-25 13:56:27,868 - INFO - Player chose coordinate a7.
2024-04-25 13:56:27,868 - INFO - Player missed.
2024-04-25 13:56:27,879 - INFO - Printing game board.
2024-04-25 13:56:27,879 - INFO - Printing row 1.
2024-04-25 13:56:27,879 - INFO - Printing row 2.
2024-04-25 13:56:27,879 - INFO - Printing row 3.
2024-04-25 13:56:27,880 - INFO - Printing row 4.
2024-04-25 13:56:27,880 - INFO - Printing row 5.
2024-04-25 13:56:27,880 - INFO - Printing row 6.
2024-04-25 13:56:27,880 - INFO - Printing row 7.
2024-04-25 13:56:27,880 - INFO - Printing row 8.
2024-04-25 13:56:27,880 - INFO - Printing row 9.
2024-04-25 13:56:27,880 - INFO - Printing row 10.
2024-04-25 13:56:27,881 - INFO - Player missed.
2024-04-25 13:56:41,869 - INFO - Player chose coordinate .
2024-04-25 13:56:41,869 - INFO - Player quit the game.
2024-04-25 14:02:32,910 - INFO - Board initialized with 10 rows and 10 columns.
2024-04-25 14:02:32,911 - INFO - Game started.
2024-04-25 14:02:32,911 - INFO - Board initialized with 10 rows and 10 columns.
2024-04-25 14:02:32,911 - INFO - Board initialized with 10 rows and 10 columns.
2024-04-25 14:02:32,911 - INFO - Ships initialized.
2024-04-25 14:02:32,925 - INFO - Printing game board.
2024-04-25 14:02:32,925 - INFO - Printing row 1.
2024-04-25 14:02:32,926 - INFO - Printing row 2.
2024-04-25 14:02:32,926 - INFO - Printing row 3.
2024-04-25 14:02:32,926 - INFO - Printing row 4.
2024-04-25 14:02:32,926 - INFO - Printing row 5.
2024-04-25 14:02:32,926 - INFO - Printing row 6.
2024-04-25 14:02:32,926 - INFO - Printing row 7.
2024-04-25 14:02:32,926 - INFO - Printing row 8.
2024-04-25 14:02:32,926 - INFO - Printing row 9.
2024-04-25 14:02:32,926 - INFO - Printing row 10.
2024-04-25 14:02:32,927 - INFO - Board printed.
2024-04-25 14:02:32,928 - INFO - Board initialized with 10 rows and 10 columns.
2024-04-25 14:02:32,928 - INFO - Ships initialized.
2024-04-25 14:02:50,778 - INFO - Board initialized with 10 rows and 10 columns.
2024-04-25 14:02:50,778 - INFO - Game started.
2024-04-25 14:02:50,779 - INFO - Board initialized with 10 rows and 10 columns.
2024-04-25 14:02:50,779 - INFO - Board initialized with 10 rows and 10 columns.
2024-04-25 14:02:50,779 - INFO - Ships initialized.
2024-04-25 14:02:50,790 - INFO - Printing game board.
2024-04-25 14:02:50,790 - INFO - Printing row 1.
2024-04-25 14:02:50,790 - INFO - Printing row 2.
2024-04-25 14:02:50,790 - INFO - Printing row 3.
2024-04-25 14:02:50,791 - INFO - Printing row 4.
2024-04-25 14:02:50,791 - INFO - Printing row 5.
2024-04-25 14:02:50,791 - INFO - Printing row 6.
2024-04-25 14:02:50,791 - INFO - Printing row 7.
2024-04-25 14:02:50,791 - INFO - Printing row 8.
2024-04-25 14:02:50,791 - INFO - Printing row 9.
2024-04-25 14:02:50,791 - INFO - Printing row 10.
2024-04-25 14:02:50,791 - INFO - Board printed.
2024-04-25 14:02:50,793 - INFO - Board initialized with 10 rows and 10 columns.
2024-04-25 14:02:50,793 - INFO - Ships initialized.
2024-04-25 14:03:35,487 - INFO - Board initialized with 10 rows and 10 columns.
2024-04-25 14:03:35,487 - INFO - Board initialized with 10 rows and 10 columns.
2024-04-25 14:03:35,487 - INFO - Ships initialized.
2024-04-25 14:03:41,386 - INFO - Board initialized with 10 rows and 10 columns.
2024-04-25 14:03:41,386 - INFO - Board initialized with 10 rows and 10 columns.
2024-04-25 14:03:41,386 - INFO - Ships initialized.
2024-04-25 14:04:20,326 - INFO - Board initialized with 10 rows and 10 columns.
2024-04-25 14:04:20,326 - INFO - Board initialized with 10 rows and 10 columns.
2024-04-25 14:04:20,326 - INFO - Ships initialized.
2024-04-25 14:04:21,280 - INFO - Board initialized with 10 rows and 10 columns.
2024-04-25 14:04:21,280 - INFO - Board initialized with 10 rows and 10 columns.
2024-04-25 14:04:21,280 - INFO - Ships initialized.
2024-04-25 14:04:50,377 - INFO - Board initialized with 10 rows and 10 columns.
2024-04-25 14:04:50,377 - INFO - Board initialized with 10 rows and 10 columns.
2024-04-25 14:04:50,377 - INFO - Ships initialized.
2024-04-25 14:04:51,225 - INFO - Board initialized with 10 rows and 10 columns.
2024-04-25 14:04:51,226 - INFO - Board initialized with 10 rows and 10 columns.
2024-04-25 14:04:51,226 - INFO - Ships initialized.
2024-04-25 14:10:14,985 - INFO - Board initialized with 10 rows and 10 columns.
2024-04-25 14:10:14,986 - INFO - Board initialized with 10 rows and 10 columns.
2024-04-25 14:10:14,986 - INFO - Ships initialized.
2024-04-25 14:10:15,635 - INFO - Board initialized with 10 rows and 10 columns.
2024-04-25 14:10:15,636 - INFO - Board initialized with 10 rows and 10 columns.
2024-04-25 14:10:15,636 - INFO - Ships initialized.
2024-04-25 14:10:15,805 - INFO - Board initialized with 10 rows and 10 columns.
2024-04-25 14:10:15,805 - INFO - Board initialized with 10 rows and 10 columns.
2024-04-25 14:10:15,805 - INFO - Ships initialized.
2024-04-25 14:10:15,961 - INFO - Board initialized with 10 rows and 10 columns.
2024-04-25 14:10:15,961 - INFO - Board initialized with 10 rows and 10 columns.
2024-04-25 14:10:15,961 - INFO - Ships initialized.
2024-04-25 14:10:16,149 - INFO - Board initialized with 10 rows and 10 columns.
2024-04-25 14:10:16,149 - INFO - Board initialized with 10 rows and 10 columns.
2024-04-25 14:10:16,149 - INFO - Ships initialized.
2024-04-25 14:10:16,305 - INFO - Board initialized with 10 rows and 10 columns.
2024-04-25 14:10:16,305 - INFO - Board initialized with 10 rows and 10 columns.
2024-04-25 14:10:16,305 - INFO - Ships initialized.
2024-04-25 14:10:16,459 - INFO - Board initialized with 10 rows and 10 columns.
2024-04-25 14:10:16,459 - INFO - Board initialized with 10 rows and 10 columns.
2024-04-25 14:10:16,459 - INFO - Ships initialized.
2024-04-25 14:10:16,617 - INFO - Board initialized with 10 rows and 10 columns.
2024-04-25 14:10:16,617 - INFO - Board initialized with 10 rows and 10 columns.
2024-04-25 14:10:16,617 - INFO - Ships initialized.
2024-04-25 14:30:47,434 - INFO - Game started.
2024-04-25 14:30:49,914 - INFO - Board initialized with 10 rows and 10 columns.
2024-04-25 14:30:49,915 - INFO - Board initialized with 10 rows and 10 columns.
2024-04-25 14:30:49,915 - INFO - Ships initialized.
2024-04-25 14:30:49,933 - INFO - Printing game board.
2024-04-25 14:30:49,935 - INFO - Printing row 1.
2024-04-25 14:30:49,935 - INFO - Printing row 2.
2024-04-25 14:30:49,935 - INFO - Printing row 3.
2024-04-25 14:30:49,935 - INFO - Printing row 4.
2024-04-25 14:30:49,935 - INFO - Printing row 5.
2024-04-25 14:30:49,935 - INFO - Printing row 6.
2024-04-25 14:30:49,935 - INFO - Printing row 7.
2024-04-25 14:30:49,935 - INFO - Printing row 8.
2024-04-25 14:30:49,935 - INFO - Printing row 9.
2024-04-25 14:30:49,935 - INFO - Printing row 10.
2024-04-25 14:30:49,936 - INFO - Board printed.
2024-04-25 14:30:51,302 - INFO - Printing game board with ships.
2024-04-25 14:30:51,302 - INFO - Printing row 1.
2024-04-25 14:30:51,302 - INFO - Printing row 2.
2024-04-25 14:30:51,303 - INFO - Printing row 3.
2024-04-25 14:30:51,303 - INFO - Printing row 4.
2024-04-25 14:30:51,303 - INFO - Printing row 5.
2024-04-25 14:30:51,303 - INFO - Printing row 6.
2024-04-25 14:30:51,303 - INFO - Printing row 7.
2024-04-25 14:30:51,303 - INFO - Printing row 8.
2024-04-25 14:30:51,304 - INFO - Printing row 9.
2024-04-25 14:30:51,304 - INFO - Printing row 10.
2024-04-25 14:30:51,304 - INFO - Player quit the game.
2024-04-25 14:33:22,101 - INFO - Game started.
2024-04-25 14:33:25,118 - INFO - Board initialized with 10 rows and 10 columns.
2024-04-25 14:33:25,118 - INFO - Board initialized with 10 rows and 10 columns.
2024-04-25 14:33:25,118 - INFO - Ships initialized.
2024-04-25 14:33:25,132 - INFO - Printing game board.
2024-04-25 14:33:25,132 - INFO - Printing row 1.
2024-04-25 14:33:25,133 - INFO - Printing row 2.
2024-04-25 14:33:25,133 - INFO - Printing row 3.
2024-04-25 14:33:25,133 - INFO - Printing row 4.
2024-04-25 14:33:25,133 - INFO - Printing row 5.
2024-04-25 14:33:25,133 - INFO - Printing row 6.
2024-04-25 14:33:25,133 - INFO - Printing row 7.
2024-04-25 14:33:25,133 - INFO - Printing row 8.
2024-04-25 14:33:25,133 - INFO - Printing row 9.
2024-04-25 14:33:25,133 - INFO - Printing row 10.
2024-04-25 14:33:25,133 - INFO - Board printed.
2024-04-25 14:33:27,606 - INFO - Player chose coordinate ].
2024-04-25 14:33:27,606 - ERROR - Invalid input format.
2024-04-25 14:33:28,188 - INFO - Printing game board with ships.
2024-04-25 14:33:28,188 - INFO - Printing row 1.
2024-04-25 14:33:28,188 - INFO - Printing row 2.
2024-04-25 14:33:28,189 - INFO - Printing row 3.
2024-04-25 14:33:28,189 - INFO - Printing row 4.
2024-04-25 14:33:28,189 - INFO - Printing row 5.
2024-04-25 14:33:28,189 - INFO - Printing row 6.
2024-04-25 14:33:28,189 - INFO - Printing row 7.
2024-04-25 14:33:28,189 - INFO - Printing row 8.
2024-04-25 14:33:28,189 - INFO - Printing row 9.
2024-04-25 14:33:28,190 - INFO - Printing row 10.
2024-04-25 14:33:28,190 - INFO - Player quit the game.
2024-04-25 14:38:06,874 - INFO - Game started.
2024-04-25 14:38:08,920 - INFO - Board initialized with 10 rows and 10 columns.
2024-04-25 14:38:08,920 - INFO - Board initialized with 10 rows and 10 columns.
2024-04-25 14:38:08,920 - INFO - Ships initialized.
2024-04-25 14:43:51,065 - INFO - Game started.
2024-04-25 14:43:53,173 - INFO - Board initialized with 10 rows and 10 columns.
2024-04-25 14:43:53,173 - INFO - Board initialized with 10 rows and 10 columns.
2024-04-25 14:43:53,173 - INFO - Ships initialized.
2024-04-25 14:43:53,189 - INFO - Printing game board.
2024-04-25 14:43:53,190 - INFO - Printing row 1.
2024-04-25 14:43:53,190 - INFO - Printing row 2.
2024-04-25 14:43:53,190 - INFO - Printing row 3.
2024-04-25 14:43:53,190 - INFO - Printing row 4.
2024-04-25 14:43:53,190 - INFO - Printing row 5.
2024-04-25 14:43:53,190 - INFO - Printing row 6.
2024-04-25 14:43:53,190 - INFO - Printing row 7.
2024-04-25 14:43:53,190 - INFO - Printing row 8.
2024-04-25 14:43:53,191 - INFO - Printing row 9.
2024-04-25 14:43:53,191 - INFO - Printing row 10.
2024-04-25 14:43:53,191 - INFO - Board printed.
2024-04-25 14:43:55,649 - INFO - Printing game board with ships.
2024-04-25 14:43:55,649 - INFO - Printing row 1.
2024-04-25 14:43:55,650 - INFO - Printing row 2.
2024-04-25 14:43:55,650 - INFO - Printing row 3.
2024-04-25 14:43:55,650 - INFO - Printing row 4.
2024-04-25 14:43:55,650 - INFO - Printing row 5.
2024-04-25 14:43:55,650 - INFO - Printing row 6.
2024-04-25 14:43:55,650 - INFO - Printing row 7.
2024-04-25 14:43:55,650 - INFO - Printing row 8.
2024-04-25 14:43:55,652 - INFO - Printing row 9.
2024-04-25 14:43:55,652 - INFO - Printing row 10.
2024-04-25 14:43:55,652 - INFO - Player quit the game.
2024-04-25 14:44:25,151 - INFO - Game started.
2024-04-25 14:44:27,195 - INFO - Board initialized with 10 rows and 10 columns.
2024-04-25 14:44:27,195 - INFO - Board initialized with 10 rows and 10 columns.
2024-04-25 14:44:27,195 - INFO - Ships initialized.
2024-04-25 14:50:54,013 - INFO - Game started.
2024-04-25 14:50:54,014 - ERROR - Board config file not found.
2024-04-25 14:51:42,073 - INFO - Game started.
2024-04-25 14:51:42,074 - ERROR - Board config file not found.
2024-04-25 14:51:57,398 - INFO - Game started.
2024-04-25 14:52:32,722 - INFO - Game started.
2024-04-25 14:52:33,697 - INFO - Game started.
2024-04-25 14:52:57,064 - INFO - Game started.
2024-04-25 14:52:57,068 - INFO - Board initialized with 10 rows and 10 columns.
2024-04-25 14:52:57,068 - INFO - Board initialized with 10 rows and 10 columns.
2024-04-25 14:52:57,068 - INFO - Ships initialized.
2024-04-25 14:53:02,113 - ERROR - Ship generation timed out.
2024-04-25 14:57:28,680 - INFO - Game started.
2024-04-25 14:57:28,680 - INFO - Board initialized with 10 rows and 10 columns.
2024-04-25 14:57:28,680 - INFO - Board initialized with 10 rows and 10 columns.
2024-04-25 14:57:28,680 - INFO - Ships initialized.
2024-04-25 14:57:33,719 - ERROR - Ship generation timed out.
2024-04-25 14:58:06,814 - INFO - Game started.
2024-04-25 14:58:06,815 - INFO - Board initialized with 10 rows and 10 columns.
2024-04-25 14:58:06,815 - INFO - Board initialized with 10 rows and 10 columns.
2024-04-25 14:58:06,815 - INFO - Ships initialized.
2024-04-25 14:58:06,832 - INFO - Printing game board.
2024-04-25 14:58:06,832 - INFO - Printing row 1.
2024-04-25 14:58:06,832 - INFO - Printing row 2.
2024-04-25 14:58:06,832 - INFO - Printing row 3.
2024-04-25 14:58:06,832 - INFO - Printing row 4.
2024-04-25 14:58:06,832 - INFO - Printing row 5.
2024-04-25 14:58:06,832 - INFO - Printing row 6.
2024-04-25 14:58:06,833 - INFO - Printing row 7.
2024-04-25 14:58:06,833 - INFO - Printing row 8.
2024-04-25 14:58:06,833 - INFO - Printing row 9.
2024-04-25 14:58:06,833 - INFO - Printing row 10.
2024-04-25 14:58:06,833 - INFO - Board printed.
2024-04-25 14:58:09,492 - INFO - Player chose coordinate a1.
2024-04-25 14:58:09,492 - INFO - Player missed.
2024-04-25 14:58:09,501 - INFO - Printing game board.
2024-04-25 14:58:09,503 - INFO - Printing row 1.
2024-04-25 14:58:09,503 - INFO - Printing row 2.
2024-04-25 14:58:09,503 - INFO - Printing row 3.
2024-04-25 14:58:09,503 - INFO - Printing row 4.
2024-04-25 14:58:09,503 - INFO - Printing row 5.
2024-04-25 14:58:09,503 - INFO - Printing row 6.
2024-04-25 14:58:09,503 - INFO - Printing row 7.
2024-04-25 14:58:09,503 - INFO - Printing row 8.
2024-04-25 14:58:09,503 - INFO - Printing row 9.
2024-04-25 14:58:09,504 - INFO - Printing row 10.
2024-04-25 14:58:09,504 - INFO - Player missed.
2024-04-25 14:58:10,265 - INFO - Player chose coordinate a2.
2024-04-25 14:58:10,265 - INFO - Player hit a ship.
2024-04-25 14:58:10,274 - INFO - Printing game board.
2024-04-25 14:58:10,274 - INFO - Printing row 1.
2024-04-25 14:58:10,274 - INFO - Printing row 2.
2024-04-25 14:58:10,274 - INFO - Printing row 3.
2024-04-25 14:58:10,274 - INFO - Printing row 4.
2024-04-25 14:58:10,274 - INFO - Printing row 5.
2024-04-25 14:58:10,274 - INFO - Printing row 6.
2024-04-25 14:58:10,275 - INFO - Printing row 7.
2024-04-25 14:58:10,275 - INFO - Printing row 8.
2024-04-25 14:58:10,275 - INFO - Printing row 9.
2024-04-25 14:58:10,275 - INFO - Printing row 10.
2024-04-25 14:58:10,275 - INFO - Player hit a ship.
2024-04-25 14:58:11,338 - INFO - Player chose coordinate a3.
2024-04-25 14:58:11,338 - INFO - Player hit a ship.
2024-04-25 14:58:11,348 - INFO - Printing game board.
2024-04-25 14:58:11,348 - INFO - Printing row 1.
2024-04-25 14:58:11,348 - INFO - Printing row 2.
2024-04-25 14:58:11,349 - INFO - Printing row 3.
2024-04-25 14:58:11,349 - INFO - Printing row 4.
2024-04-25 14:58:11,349 - INFO - Printing row 5.
2024-04-25 14:58:11,349 - INFO - Printing row 6.
2024-04-25 14:58:11,349 - INFO - Printing row 7.
2024-04-25 14:58:11,349 - INFO - Printing row 8.
2024-04-25 14:58:11,349 - INFO - Printing row 9.
2024-04-25 14:58:11,349 - INFO - Printing row 10.
2024-04-25 14:58:11,350 - INFO - Player hit a ship.
2024-04-25 14:58:12,138 - INFO - Player chose coordinate a4.
2024-04-25 14:58:12,138 - INFO - Player hit a ship.
2024-04-25 14:58:12,148 - INFO - Printing game board.
2024-04-25 14:58:12,148 - INFO - Printing row 1.
2024-04-25 14:58:12,148 - INFO - Printing row 2.
2024-04-25 14:58:12,149 - INFO - Printing row 3.
2024-04-25 14:58:12,149 - INFO - Printing row 4.
2024-04-25 14:58:12,149 - INFO - Printing row 5.
2024-04-25 14:58:12,149 - INFO - Printing row 6.
2024-04-25 14:58:12,149 - INFO - Printing row 7.
2024-04-25 14:58:12,149 - INFO - Printing row 8.
2024-04-25 14:58:12,149 - INFO - Printing row 9.
2024-04-25 14:58:12,150 - INFO - Printing row 10.
2024-04-25 14:58:12,150 - INFO - Player hit a ship.
2024-04-25 14:58:12,938 - INFO - Player chose coordinate a5.
2024-04-25 14:58:12,938 - INFO - Player missed.
2024-04-25 14:58:12,947 - INFO - Printing game board.
2024-04-25 14:58:12,947 - INFO - Printing row 1.
2024-04-25 14:58:12,947 - INFO - Printing row 2.
2024-04-25 14:58:12,947 - INFO - Printing row 3.
2024-04-25 14:58:12,948 - INFO - Printing row 4.
2024-04-25 14:58:12,948 - INFO - Printing row 5.
2024-04-25 14:58:12,948 - INFO - Printing row 6.
2024-04-25 14:58:12,948 - INFO - Printing row 7.
2024-04-25 14:58:12,948 - INFO - Printing row 8.
2024-04-25 14:58:12,948 - INFO - Printing row 9.
2024-04-25 14:58:12,948 - INFO - Printing row 10.
2024-04-25 14:58:12,949 - INFO - Player missed.
2024-04-25 14:58:21,181 - INFO - Printing game board with ships.
2024-04-25 14:58:21,181 - INFO - Printing row 1.
2024-04-25 14:58:21,181 - INFO - Printing row 2.
2024-04-25 14:58:21,181 - INFO - Printing row 3.
2024-04-25 14:58:21,182 - INFO - Printing row 4.
2024-04-25 14:58:21,182 - INFO - Printing row 5.
2024-04-25 14:58:21,182 - INFO - Printing row 6.
2024-04-25 14:58:21,182 - INFO - Printing row 7.
2024-04-25 14:58:21,182 - INFO - Printing row 8.
2024-04-25 14:58:21,182 - INFO - Printing row 9.
2024-04-25 14:58:21,182 - INFO - Printing row 10.
2024-04-25 14:58:21,182 - INFO - Player quit the game.
2024-04-25 14:58:40,428 - INFO - Game started.
2024-04-25 14:58:40,428 - INFO - Board initialized with 10 rows and 10 columns.
2024-04-25 14:58:40,428 - INFO - Board initialized with 10 rows and 10 columns.
2024-04-25 14:58:40,428 - INFO - Ships initialized.
2024-04-25 14:58:40,442 - INFO - Printing game board.
2024-04-25 14:58:40,442 - INFO - Printing row 1.
2024-04-25 14:58:40,442 - INFO - Printing row 2.
2024-04-25 14:58:40,442 - INFO - Printing row 3.
2024-04-25 14:58:40,442 - INFO - Printing row 4.
2024-04-25 14:58:40,443 - INFO - Printing row 5.
2024-04-25 14:58:40,443 - INFO - Printing row 6.
2024-04-25 14:58:40,443 - INFO - Printing row 7.
2024-04-25 14:58:40,443 - INFO - Printing row 8.
2024-04-25 14:58:40,443 - INFO - Printing row 9.
2024-04-25 14:58:40,443 - INFO - Printing row 10.
2024-04-25 14:58:40,443 - INFO - Board printed.
2024-04-25 14:58:48,333 - INFO - Player chose coordinate a1.
2024-04-25 14:58:48,333 - INFO - Player missed.
2024-04-25 14:58:48,342 - INFO - Printing game board.
2024-04-25 14:58:48,343 - INFO - Printing row 1.
2024-04-25 14:58:48,343 - INFO - Printing row 2.
2024-04-25 14:58:48,343 - INFO - Printing row 3.
2024-04-25 14:58:48,343 - INFO - Printing row 4.
2024-04-25 14:58:48,343 - INFO - Printing row 5.
2024-04-25 14:58:48,343 - INFO - Printing row 6.
2024-04-25 14:58:48,343 - INFO - Printing row 7.
2024-04-25 14:58:48,343 - INFO - Printing row 8.
2024-04-25 14:58:48,343 - INFO - Printing row 9.
2024-04-25 14:58:48,344 - INFO - Printing row 10.
2024-04-25 14:58:48,344 - INFO - Player missed.
2024-04-25 14:58:49,460 - INFO - Player chose coordinate a2.
2024-04-25 14:58:49,460 - INFO - Player missed.
2024-04-25 14:58:49,470 - INFO - Printing game board.
2024-04-25 14:58:49,470 - INFO - Printing row 1.
2024-04-25 14:58:49,470 - INFO - Printing row 2.
2024-04-25 14:58:49,470 - INFO - Printing row 3.
2024-04-25 14:58:49,470 - INFO - Printing row 4.
2024-04-25 14:58:49,471 - INFO - Printing row 5.
2024-04-25 14:58:49,471 - INFO - Printing row 6.
2024-04-25 14:58:49,471 - INFO - Printing row 7.
2024-04-25 14:58:49,471 - INFO - Printing row 8.
2024-04-25 14:58:49,471 - INFO - Printing row 9.
2024-04-25 14:58:49,471 - INFO - Printing row 10.
2024-04-25 14:58:49,471 - INFO - Player missed.
2024-04-25 14:58:50,544 - INFO - Player chose coordinate a3.
2024-04-25 14:58:50,545 - INFO - Player missed.
2024-04-25 14:58:50,556 - INFO - Printing game board.
2024-04-25 14:58:50,556 - INFO - Printing row 1.
2024-04-25 14:58:50,556 - INFO - Printing row 2.
2024-04-25 14:58:50,556 - INFO - Printing row 3.
2024-04-25 14:58:50,556 - INFO - Printing row 4.
2024-04-25 14:58:50,556 - INFO - Printing row 5.
2024-04-25 14:58:50,556 - INFO - Printing row 6.
2024-04-25 14:58:50,556 - INFO - Printing row 7.
2024-04-25 14:58:50,556 - INFO - Printing row 8.
2024-04-25 14:58:50,556 - INFO - Printing row 9.
2024-04-25 14:58:50,556 - INFO - Printing row 10.
2024-04-25 14:58:50,557 - INFO - Player missed.
2024-04-25 14:58:51,482 - INFO - Player chose coordinate a4.
2024-04-25 14:58:51,482 - INFO - Player missed.
2024-04-25 14:58:51,491 - INFO - Printing game board.
2024-04-25 14:58:51,492 - INFO - Printing row 1.
2024-04-25 14:58:51,492 - INFO - Printing row 2.
2024-04-25 14:58:51,492 - INFO - Printing row 3.
2024-04-25 14:58:51,492 - INFO - Printing row 4.
2024-04-25 14:58:51,492 - INFO - Printing row 5.
2024-04-25 14:58:51,492 - INFO - Printing row 6.
2024-04-25 14:58:51,492 - INFO - Printing row 7.
2024-04-25 14:58:51,492 - INFO - Printing row 8.
2024-04-25 14:58:51,492 - INFO - Printing row 9.
2024-04-25 14:58:51,492 - INFO - Printing row 10.
2024-04-25 14:58:51,492 - INFO - Player missed.
2024-04-25 14:58:52,127 - INFO - Player chose coordinate a5.
2024-04-25 14:58:52,128 - INFO - Player missed.
2024-04-25 14:58:52,138 - INFO - Printing game board.
2024-04-25 14:58:52,138 - INFO - Printing row 1.
2024-04-25 14:58:52,138 - INFO - Printing row 2.
2024-04-25 14:58:52,138 - INFO - Printing row 3.
2024-04-25 14:58:52,138 - INFO - Printing row 4.
2024-04-25 14:58:52,138 - INFO - Printing row 5.
2024-04-25 14:58:52,139 - INFO - Printing row 6.
2024-04-25 14:58:52,139 - INFO - Printing row 7.
2024-04-25 14:58:52,139 - INFO - Printing row 8.
2024-04-25 14:58:52,139 - INFO - Printing row 9.
2024-04-25 14:58:52,139 - INFO - Printing row 10.
2024-04-25 14:58:52,139 - INFO - Player missed.
2024-04-25 14:58:52,805 - INFO - Player chose coordinate a6.
2024-04-25 14:58:52,806 - INFO - Player missed.
2024-04-25 14:58:52,816 - INFO - Printing game board.
2024-04-25 14:58:52,816 - INFO - Printing row 1.
2024-04-25 14:58:52,816 - INFO - Printing row 2.
2024-04-25 14:58:52,816 - INFO - Printing row 3.
2024-04-25 14:58:52,816 - INFO - Printing row 4.
2024-04-25 14:58:52,816 - INFO - Printing row 5.
2024-04-25 14:58:52,816 - INFO - Printing row 6.
2024-04-25 14:58:52,816 - INFO - Printing row 7.
2024-04-25 14:58:52,816 - INFO - Printing row 8.
2024-04-25 14:58:52,816 - INFO - Printing row 9.
2024-04-25 14:58:52,817 - INFO - Printing row 10.
2024-04-25 14:58:52,817 - INFO - Player missed.
2024-04-25 14:58:53,893 - INFO - Player chose coordinate b4.
2024-04-25 14:58:53,893 - INFO - Player missed.
2024-04-25 14:58:53,903 - INFO - Printing game board.
2024-04-25 14:58:53,904 - INFO - Printing row 1.
2024-04-25 14:58:53,904 - INFO - Printing row 2.
2024-04-25 14:58:53,904 - INFO - Printing row 3.
2024-04-25 14:58:53,904 - INFO - Printing row 4.
2024-04-25 14:58:53,904 - INFO - Printing row 5.
2024-04-25 14:58:53,904 - INFO - Printing row 6.
2024-04-25 14:58:53,904 - INFO - Printing row 7.
2024-04-25 14:58:53,905 - INFO - Printing row 8.
2024-04-25 14:58:53,905 - INFO - Printing row 9.
2024-04-25 14:58:53,905 - INFO - Printing row 10.
2024-04-25 14:58:53,905 - INFO - Player missed.
2024-04-25 14:58:55,199 - INFO - Player chose coordinate l6.
2024-04-25 14:58:55,200 - ERROR - Invalid input format.
2024-04-25 14:58:57,093 - INFO - Player chose coordinate l6.
2024-04-25 14:58:57,093 - ERROR - Invalid input format.
2024-04-25 14:58:58,964 - INFO - Player chose coordinate j6.
2024-04-25 14:58:58,964 - INFO - Player missed.
2024-04-25 14:58:58,974 - INFO - Printing game board.
2024-04-25 14:58:58,975 - INFO - Printing row 1.
2024-04-25 14:58:58,975 - INFO - Printing row 2.
2024-04-25 14:58:58,975 - INFO - Printing row 3.
2024-04-25 14:58:58,975 - INFO - Printing row 4.
2024-04-25 14:58:58,975 - INFO - Printing row 5.
2024-04-25 14:58:58,975 - INFO - Printing row 6.
2024-04-25 14:58:58,975 - INFO - Printing row 7.
2024-04-25 14:58:58,975 - INFO - Printing row 8.
2024-04-25 14:58:58,975 - INFO - Printing row 9.
2024-04-25 14:58:58,975 - INFO - Printing row 10.
2024-04-25 14:58:58,975 - INFO - Player missed.
2024-04-25 14:59:03,078 - INFO - Player chose coordinate h5.
2024-04-25 14:59:03,078 - INFO - Player missed.
2024-04-25 14:59:03,087 - INFO - Printing game board.
2024-04-25 14:59:03,087 - INFO - Printing row 1.
2024-04-25 14:59:03,087 - INFO - Printing row 2.
2024-04-25 14:59:03,087 - INFO - Printing row 3.
2024-04-25 14:59:03,087 - INFO - Printing row 4.
2024-04-25 14:59:03,087 - INFO - Printing row 5.
2024-04-25 14:59:03,087 - INFO - Printing row 6.
2024-04-25 14:59:03,087 - INFO - Printing row 7.
2024-04-25 14:59:03,087 - INFO - Printing row 8.
2024-04-25 14:59:03,087 - INFO - Printing row 9.
2024-04-25 14:59:03,087 - INFO - Printing row 10.
2024-04-25 14:59:03,087 - INFO - Player missed.
2024-04-25 14:59:03,624 - INFO - Printing game board with ships.
2024-04-25 14:59:03,624 - INFO - Printing row 1.
2024-04-25 14:59:03,624 - INFO - Printing row 2.
2024-04-25 14:59:03,624 - INFO - Printing row 3.
2024-04-25 14:59:03,624 - INFO - Printing row 4.
2024-04-25 14:59:03,624 - INFO - Printing row 5.
2024-04-25 14:59:03,624 - INFO - Printing row 6.
2024-04-25 14:59:03,624 - INFO - Printing row 7.
2024-04-25 14:59:03,624 - INFO - Printing row 8.
2024-04-25 14:59:03,624 - INFO - Printing row 9.
2024-04-25 14:59:03,626 - INFO - Printing row 10.
2024-04-25 14:59:03,626 - INFO - Player quit the game.
2024-04-25 14:59:52,629 - INFO - Game started.
2024-04-25 14:59:52,629 - INFO - Board initialized with 10 rows and 10 columns.
2024-04-25 14:59:52,629 - INFO - Board initialized with 10 rows and 10 columns.
2024-04-25 14:59:52,629 - INFO - Ships initialized.
2024-04-25 14:59:57,672 - ERROR - Ship generation timed out.
2024-04-25 15:16:53,385 - INFO - Game started.
2024-04-25 15:16:53,386 - INFO - Board initialized with 10 rows and 10 columns.
2024-04-25 15:16:53,386 - INFO - Board initialized with 10 rows and 10 columns.
2024-04-25 15:16:53,386 - INFO - Ships initialized.
2024-04-25 15:16:53,386 - INFO - Calling method: load_ships_from_file
2024-04-25 15:16:53,387 - INFO - Calling method: generate_ship
2024-04-25 15:16:53,388 - INFO - Calling method: generate_ship
2024-04-25 15:16:53,388 - INFO - Calling method: generate_ship
2024-04-25 15:16:53,388 - INFO - Calling method: generate_ship
2024-04-25 15:16:53,388 - INFO - Calling method: generate_ship
2024-04-25 15:16:53,406 - INFO - Calling method: print_board
2024-04-25 15:16:53,406 - INFO - Printing game board.
2024-04-25 15:16:53,406 - INFO - Printing row 1.
2024-04-25 15:16:53,406 - INFO - Printing row 2.
2024-04-25 15:16:53,407 - INFO - Printing row 3.
2024-04-25 15:16:53,407 - INFO - Printing row 4.
2024-04-25 15:16:53,407 - INFO - Printing row 5.
2024-04-25 15:16:53,407 - INFO - Printing row 6.
2024-04-25 15:16:53,408 - INFO - Printing row 7.
2024-04-25 15:16:53,408 - INFO - Printing row 8.
2024-04-25 15:16:53,408 - INFO - Printing row 9.
2024-04-25 15:16:53,408 - INFO - Printing row 10.
2024-04-25 15:16:53,408 - INFO - Board printed.
2024-04-25 15:16:53,408 - INFO - Calling method: shoot
2024-04-25 15:16:55,233 - INFO - Calling method: print_board
2024-04-25 15:16:55,233 - INFO - Printing game board with ships.
2024-04-25 15:16:55,233 - INFO - Printing row 1.
2024-04-25 15:16:55,235 - INFO - Printing row 2.
2024-04-25 15:16:55,235 - INFO - Printing row 3.
2024-04-25 15:16:55,235 - INFO - Printing row 4.
2024-04-25 15:16:55,235 - INFO - Printing row 5.
2024-04-25 15:16:55,235 - INFO - Printing row 6.
2024-04-25 15:16:55,236 - INFO - Printing row 7.
2024-04-25 15:16:55,236 - INFO - Printing row 8.
2024-04-25 15:16:55,236 - INFO - Printing row 9.
2024-04-25 15:16:55,236 - INFO - Printing row 10.
2024-04-25 15:16:55,236 - INFO - Player quit the game.
2024-04-25 15:16:56,270 - INFO - Game started.
2024-04-25 15:16:56,270 - INFO - Board initialized with 10 rows and 10 columns.
2024-04-25 15:16:56,270 - INFO - Board initialized with 10 rows and 10 columns.
2024-04-25 15:16:56,270 - INFO - Ships initialized.
2024-04-25 15:16:56,270 - INFO - Calling method: load_ships_from_file
2024-04-25 15:16:56,271 - INFO - Calling method: generate_ship
2024-04-25 15:16:56,271 - INFO - Calling method: generate_ship
2024-04-25 15:16:56,271 - INFO - Calling method: generate_ship
2024-04-25 15:16:56,271 - INFO - Calling method: generate_ship
2024-04-25 15:16:56,272 - INFO - Calling method: generate_ship
2024-04-25 15:16:56,284 - INFO - Calling method: print_board
2024-04-25 15:16:56,284 - INFO - Printing game board.
2024-04-25 15:16:56,285 - INFO - Printing row 1.
2024-04-25 15:16:56,285 - INFO - Printing row 2.
2024-04-25 15:16:56,285 - INFO - Printing row 3.
2024-04-25 15:16:56,285 - INFO - Printing row 4.
2024-04-25 15:16:56,285 - INFO - Printing row 5.
2024-04-25 15:16:56,285 - INFO - Printing row 6.
2024-04-25 15:16:56,285 - INFO - Printing row 7.
2024-04-25 15:16:56,285 - INFO - Printing row 8.
2024-04-25 15:16:56,285 - INFO - Printing row 9.
2024-04-25 15:16:56,285 - INFO - Printing row 10.
2024-04-25 15:16:56,286 - INFO - Board printed.
2024-04-25 15:16:56,286 - INFO - Calling method: shoot
2024-04-25 15:16:57,410 - INFO - Calling method: print_board
2024-04-25 15:16:57,410 - INFO - Printing game board with ships.
2024-04-25 15:16:57,410 - INFO - Printing row 1.
2024-04-25 15:16:57,411 - INFO - Printing row 2.
2024-04-25 15:16:57,411 - INFO - Printing row 3.
2024-04-25 15:16:57,412 - INFO - Printing row 4.
2024-04-25 15:16:57,412 - INFO - Printing row 5.
2024-04-25 15:16:57,412 - INFO - Printing row 6.
2024-04-25 15:16:57,412 - INFO - Printing row 7.
2024-04-25 15:16:57,412 - INFO - Printing row 8.
2024-04-25 15:16:57,412 - INFO - Printing row 9.
2024-04-25 15:16:57,412 - INFO - Printing row 10.
2024-04-25 15:16:57,412 - INFO - Player quit the game.
2024-04-25 15:17:03,599 - INFO - Game started.
2024-04-25 15:17:03,599 - INFO - Board initialized with 10 rows and 10 columns.
2024-04-25 15:17:03,599 - INFO - Board initialized with 10 rows and 10 columns.
2024-04-25 15:17:03,599 - INFO - Ships initialized.
2024-04-25 15:17:03,599 - INFO - Calling method: load_ships_from_file
2024-04-25 15:17:03,599 - INFO - Calling method: generate_ship
2024-04-25 15:17:03,600 - INFO - Calling method: generate_ship
2024-04-25 15:17:03,600 - INFO - Calling method: generate_ship
2024-04-25 15:17:03,600 - INFO - Calling method: generate_ship
2024-04-25 15:17:03,600 - INFO - Calling method: generate_ship
2024-04-25 15:17:03,611 - INFO - Calling method: print_board
2024-04-25 15:17:03,611 - INFO - Printing game board.
2024-04-25 15:17:03,611 - INFO - Printing row 1.
2024-04-25 15:17:03,611 - INFO - Printing row 2.
2024-04-25 15:17:03,611 - INFO - Printing row 3.
2024-04-25 15:17:03,611 - INFO - Printing row 4.
2024-04-25 15:17:03,611 - INFO - Printing row 5.
2024-04-25 15:17:03,611 - INFO - Printing row 6.
2024-04-25 15:17:03,611 - INFO - Printing row 7.
2024-04-25 15:17:03,611 - INFO - Printing row 8.
2024-04-25 15:17:03,611 - INFO - Printing row 9.
2024-04-25 15:17:03,612 - INFO - Printing row 10.
2024-04-25 15:17:03,612 - INFO - Board printed.
2024-04-25 15:17:03,612 - INFO - Calling method: shoot
2024-04-25 15:17:07,640 - INFO - Calling method: print_board
2024-04-25 15:17:07,640 - INFO - Printing game board with ships.
2024-04-25 15:17:07,640 - INFO - Printing row 1.
2024-04-25 15:17:07,640 - INFO - Printing row 2.
2024-04-25 15:17:07,641 - INFO - Printing row 3.
2024-04-25 15:17:07,641 - INFO - Printing row 4.
2024-04-25 15:17:07,641 - INFO - Printing row 5.
2024-04-25 15:17:07,641 - INFO - Printing row 6.
2024-04-25 15:17:07,641 - INFO - Printing row 7.
2024-04-25 15:17:07,641 - INFO - Printing row 8.
2024-04-25 15:17:07,641 - INFO - Printing row 9.
2024-04-25 15:17:07,642 - INFO - Printing row 10.
2024-04-25 15:17:07,642 - INFO - Player quit the game.
2024-04-25 15:17:41,645 - INFO - Game started.
2024-04-25 15:17:41,645 - INFO - Board initialized with 10 rows and 10 columns.
2024-04-25 15:17:41,645 - INFO - Board initialized with 10 rows and 10 columns.
2024-04-25 15:17:41,645 - INFO - Ships initialized.
2024-04-25 15:17:41,645 - INFO - Calling method: load_ships_from_file
2024-04-25 15:17:41,645 - INFO - Calling method: generate_ship
2024-04-25 15:17:41,646 - INFO - Calling method: generate_ship
2024-04-25 15:17:41,646 - INFO - Calling method: generate_ship
2024-04-25 15:17:41,648 - INFO - Calling method: generate_ship
2024-04-25 15:17:41,648 - INFO - Calling method: generate_ship
2024-04-25 15:17:41,659 - INFO - Calling method: print_board
2024-04-25 15:17:41,660 - INFO - Printing game board.
2024-04-25 15:17:41,660 - INFO - Printing row 1.
2024-04-25 15:17:41,660 - INFO - Printing row 2.
2024-04-25 15:17:41,660 - INFO - Printing row 3.
2024-04-25 15:17:41,660 - INFO - Printing row 4.
2024-04-25 15:17:41,660 - INFO - Printing row 5.
2024-04-25 15:17:41,660 - INFO - Printing row 6.
2024-04-25 15:17:41,660 - INFO - Printing row 7.
2024-04-25 15:17:41,660 - INFO - Printing row 8.
2024-04-25 15:17:41,661 - INFO - Printing row 9.
2024-04-25 15:17:41,661 - INFO - Printing row 10.
2024-04-25 15:17:41,661 - INFO - Board printed.
2024-04-25 15:17:41,661 - INFO - Calling method: shoot
2024-04-25 15:17:50,400 - INFO - Player chose coordinate a2.
2024-04-25 15:17:50,401 - INFO - Player missed.
2024-04-25 15:17:50,411 - INFO - Calling method: print_board
2024-04-25 15:17:50,411 - INFO - Printing game board.
2024-04-25 15:17:50,411 - INFO - Printing row 1.
2024-04-25 15:17:50,411 - INFO - Printing row 2.
2024-04-25 15:17:50,411 - INFO - Printing row 3.
2024-04-25 15:17:50,411 - INFO - Printing row 4.
2024-04-25 15:17:50,411 - INFO - Printing row 5.
2024-04-25 15:17:50,412 - INFO - Printing row 6.
2024-04-25 15:17:50,412 - INFO - Printing row 7.
2024-04-25 15:17:50,412 - INFO - Printing row 8.
2024-04-25 15:17:50,412 - INFO - Printing row 9.
2024-04-25 15:17:50,412 - INFO - Printing row 10.
2024-04-25 15:17:50,412 - INFO - Player missed.
2024-04-25 15:17:50,412 - INFO - Calling method: shoot
2024-04-25 15:17:51,538 - INFO - Player chose coordinate a3.
2024-04-25 15:17:51,538 - INFO - Player missed.
2024-04-25 15:17:51,549 - INFO - Calling method: print_board
2024-04-25 15:17:51,549 - INFO - Printing game board.
2024-04-25 15:17:51,549 - INFO - Printing row 1.
2024-04-25 15:17:51,549 - INFO - Printing row 2.
2024-04-25 15:17:51,549 - INFO - Printing row 3.
2024-04-25 15:17:51,550 - INFO - Printing row 4.
2024-04-25 15:17:51,550 - INFO - Printing row 5.
2024-04-25 15:17:51,550 - INFO - Printing row 6.
2024-04-25 15:17:51,550 - INFO - Printing row 7.
2024-04-25 15:17:51,550 - INFO - Printing row 8.
2024-04-25 15:17:51,550 - INFO - Printing row 9.
2024-04-25 15:17:51,550 - INFO - Printing row 10.
2024-04-25 15:17:51,550 - INFO - Player missed.
2024-04-25 15:17:51,551 - INFO - Calling method: shoot
2024-04-25 15:17:51,867 - INFO - Calling method: print_board
2024-04-25 15:17:51,867 - INFO - Printing game board with ships.
2024-04-25 15:17:51,867 - INFO - Printing row 1.
2024-04-25 15:17:51,868 - INFO - Printing row 2.
2024-04-25 15:17:51,868 - INFO - Printing row 3.
2024-04-25 15:17:51,868 - INFO - Printing row 4.
2024-04-25 15:17:51,868 - INFO - Printing row 5.
2024-04-25 15:17:51,868 - INFO - Printing row 6.
2024-04-25 15:17:51,868 - INFO - Printing row 7.
2024-04-25 15:17:51,868 - INFO - Printing row 8.
2024-04-25 15:17:51,869 - INFO - Printing row 9.
2024-04-25 15:17:51,869 - INFO - Printing row 10.
2024-04-25 15:17:51,869 - INFO - Player quit the game.
2024-05-15 22:27:50,328 - INFO - Game started.
2024-05-15 22:27:50,330 - INFO - Board initialized with 10 rows and 10 columns.
2024-05-15 22:27:50,330 - INFO - Board initialized with 10 rows and 10 columns.
2024-05-15 22:27:50,330 - INFO - Ships initialized.
2024-05-15 22:27:50,330 - INFO - Calling method: load_ships_from_file
2024-05-15 22:27:50,342 - INFO - Calling method: generate_ship
2024-05-15 22:27:50,343 - INFO - Calling method: generate_ship
2024-05-15 22:27:50,343 - INFO - Calling method: generate_ship
2024-05-15 22:27:50,343 - INFO - Calling method: generate_ship
2024-05-15 22:27:50,344 - INFO - Calling method: generate_ship
2024-05-15 22:27:50,370 - INFO - Calling method: print_board
2024-05-15 22:27:50,370 - INFO - Printing game board.
2024-05-15 22:27:50,370 - INFO - Printing row 1.
2024-05-15 22:27:50,370 - INFO - Printing row 2.
2024-05-15 22:27:50,370 - INFO - Printing row 3.
2024-05-15 22:27:50,371 - INFO - Printing row 4.
2024-05-15 22:27:50,371 - INFO - Printing row 5.
2024-05-15 22:27:50,371 - INFO - Printing row 6.
2024-05-15 22:27:50,371 - INFO - Printing row 7.
2024-05-15 22:27:50,371 - INFO - Printing row 8.
2024-05-15 22:27:50,371 - INFO - Printing row 9.
2024-05-15 22:27:50,371 - INFO - Printing row 10.
2024-05-15 22:27:50,371 - INFO - Board printed.
2024-05-15 22:27:50,371 - INFO - Calling method: shoot
2024-05-15 22:27:53,074 - INFO - Player chose coordinate b2.
2024-05-15 22:27:53,074 - INFO - Player missed.
2024-05-15 22:27:53,082 - INFO - Calling method: print_board
2024-05-15 22:27:53,082 - INFO - Printing game board.
2024-05-15 22:27:53,082 - INFO - Printing row 1.
2024-05-15 22:27:53,082 - INFO - Printing row 2.
2024-05-15 22:27:53,082 - INFO - Printing row 3.
2024-05-15 22:27:53,083 - INFO - Printing row 4.
2024-05-15 22:27:53,083 - INFO - Printing row 5.
2024-05-15 22:27:53,083 - INFO - Printing row 6.
2024-05-15 22:27:53,083 - INFO - Printing row 7.
2024-05-15 22:27:53,083 - INFO - Printing row 8.
2024-05-15 22:27:53,083 - INFO - Printing row 9.
2024-05-15 22:27:53,083 - INFO - Printing row 10.
2024-05-15 22:27:53,083 - INFO - Player missed.
2024-05-15 22:27:53,083 - INFO - Calling method: shoot
2024-05-15 22:27:54,084 - INFO - Player chose coordinate b4.
2024-05-15 22:27:54,084 - INFO - Player missed.
2024-05-15 22:27:54,092 - INFO - Calling method: print_board
2024-05-15 22:27:54,092 - INFO - Printing game board.
2024-05-15 22:27:54,092 - INFO - Printing row 1.
2024-05-15 22:27:54,092 - INFO - Printing row 2.
2024-05-15 22:27:54,092 - INFO - Printing row 3.
2024-05-15 22:27:54,092 - INFO - Printing row 4.
2024-05-15 22:27:54,092 - INFO - Printing row 5.
2024-05-15 22:27:54,092 - INFO - Printing row 6.
2024-05-15 22:27:54,092 - INFO - Printing row 7.
2024-05-15 22:27:54,092 - INFO - Printing row 8.
2024-05-15 22:27:54,092 - INFO - Printing row 9.
2024-05-15 22:27:54,092 - INFO - Printing row 10.
2024-05-15 22:27:54,092 - INFO - Player missed.
2024-05-15 22:27:54,092 - INFO - Calling method: shoot
2024-05-15 22:27:54,903 - INFO - Player chose coordinate b6.
2024-05-15 22:27:54,903 - INFO - Player missed.
2024-05-15 22:27:54,912 - INFO - Calling method: print_board
2024-05-15 22:27:54,912 - INFO - Printing game board.
2024-05-15 22:27:54,912 - INFO - Printing row 1.
2024-05-15 22:27:54,912 - INFO - Printing row 2.
2024-05-15 22:27:54,912 - INFO - Printing row 3.
2024-05-15 22:27:54,912 - INFO - Printing row 4.
2024-05-15 22:27:54,913 - INFO - Printing row 5.
2024-05-15 22:27:54,913 - INFO - Printing row 6.
2024-05-15 22:27:54,913 - INFO - Printing row 7.
2024-05-15 22:27:54,913 - INFO - Printing row 8.
2024-05-15 22:27:54,913 - INFO - Printing row 9.
2024-05-15 22:27:54,913 - INFO - Printing row 10.
2024-05-15 22:27:54,913 - INFO - Player missed.
2024-05-15 22:27:54,913 - INFO - Calling method: shoot
2024-05-15 22:27:55,836 - INFO - Calling method: print_board
2024-05-15 22:27:55,836 - INFO - Printing game board with ships.
2024-05-15 22:27:55,836 - INFO - Printing row 1.
2024-05-15 22:27:55,836 - INFO - Printing row 2.
2024-05-15 22:27:55,836 - INFO - Printing row 3.
2024-05-15 22:27:55,836 - INFO - Printing row 4.
2024-05-15 22:27:55,836 - INFO - Printing row 5.
2024-05-15 22:27:55,836 - INFO - Printing row 6.
2024-05-15 22:27:55,836 - INFO - Printing row 7.
2024-05-15 22:27:55,837 - INFO - Printing row 8.
2024-05-15 22:27:55,837 - INFO - Printing row 9.
2024-05-15 22:27:55,837 - INFO - Printing row 10.
2024-05-15 22:27:55,837 - INFO - Player quit the game.
